<?xml version="1.0" encoding="UTF-8"?>
<!-- Generated by org.testng.reporters.JUnitReportReporter -->
<testsuite hostname="HpPoonam" failures="0" tests="1" name="GettingStartedWithTestNG.LearnFileUpload" time="19.047" errors="0" timestamp="30 Jul 2023 05:43:56 GMT">
  <testcase classname="GettingStartedWithTestNG.LearnFileUpload" name="handleAlert" time="19.047"/>
</testsuite> <!-- GettingStartedWithTestNG.LearnFileUpload -->
